<?xml version="1.0" encoding="UTF-8"?>
<!-- Generated by org.testng.reporters.JUnitXMLReporter -->
<testsuite ignored="3" hostname="SCI-BD-L17-3291" failures="0" tests="1" name="Default test" time="311.771" errors="0" timestamp="2022-05-12T15:11:27 BDT">
  <testcase classname="appiumtests.BaseClass" name="assessments" time="287.352"/>
  <testcase classname="appiumtests.BaseClass" name="loginTest" time="0.0">
    <ignored/>
  </testcase> <!-- loginTest -->
  <testcase classname="appiumtests.BaseClass" name="newTeacher" time="0.0">
    <ignored/>
  </testcase> <!-- newTeacher -->
  <testcase classname="appiumtests.BaseClass" name="newStudent" time="0.0">
    <ignored/>
  </testcase> <!-- newStudent -->
</testsuite> <!-- Default test -->
