<?xml version="1.0" encoding="UTF-8"?>
<!-- Generated by org.testng.reporters.JUnitXMLReporter -->
<testsuite ignored="3" hostname="SCI-BD-L17-3291" failures="0" tests="1" name="Default test" time="182.822" errors="0" timestamp="2022-04-18T15:08:53 BDT">
  <testcase classname="appiumtests.BaseClass" name="addNewAssessors" time="162.065"/>
  <testcase classname="appiumtests.BaseClass" name="loginWithEmptyField" time="0.0">
    <ignored/>
  </testcase> <!-- loginWithEmptyField -->
  <testcase classname="appiumtests.BaseClass" name="validLogin" time="0.0">
    <ignored/>
  </testcase> <!-- validLogin -->
  <testcase classname="appiumtests.BaseClass" name="invalidLoginAttempt" time="0.0">
    <ignored/>
  </testcase> <!-- invalidLoginAttempt -->
</testsuite> <!-- Default test -->
