<?xml version="1.0" encoding="UTF-8"?>
<!-- Generated by org.testng.reporters.JUnitXMLReporter -->
<testsuite ignored="0" hostname="SCI-BD-L17-3291" failures="2" tests="3" name="Login" time="220.083" errors="0" timestamp="2022-04-04T15:48:29 BDT">
  <testcase classname="appiumtests.BaseClass" name="test1" time="175.872"/>
  <testcase classname="appiumtests.BaseClass" name="test2" time="10.275">
    <failure type="org.openqa.selenium.TimeoutException" message="Expected condition failed: waiting for visibility of element located by By.AccessibilityId: Skip (tried for 10 second(s) with 500 milliseconds interval)
Build info: version: &amp;apos;4.1.1&amp;apos;, revision: &amp;apos;e8fcc2cecf&amp;apos;
System info: host: &amp;apos;SCI-BD-L17-3291&amp;apos;, ip: &amp;apos;192.168.31.159&amp;apos;, os.name: &amp;apos;Windows 10&amp;apos;, os.arch: &amp;apos;amd64&amp;apos;, os.version: &amp;apos;10.0&amp;apos;, java.version: &amp;apos;16.0.1&amp;apos;
Driver info: io.appium.java_client.android.AndroidDriver
Capabilities {appium:app: C:\Users\sabinul.sabbir\ecl..., appium:appPackage: com.sci.egyptlvegra, appium:automationName: UiAutomator2, appium:databaseEnabled: false, appium:desired: {app: C:\Users\sabinul.sabbir\ecl..., automationName: UiAutomator2, deviceName: Sabbir, platformName: android, platformVersion: 9, udid: emulator-5554}, appium:deviceApiLevel: 28, appium:deviceManufacturer: Google, appium:deviceModel: AOSP on IA Emulator, appium:deviceName: emulator-5554, appium:deviceScreenDensity: 440, appium:deviceScreenSize: 1080x2280, appium:deviceUDID: emulator-5554, appium:javascriptEnabled: true, appium:locationContextEnabled: false, appium:networkConnectionEnabled: true, appium:pixelRatio: 2.75, appium:platformVersion: 9, appium:statBarHeight: 135, appium:takesScreenshot: true, appium:udid: emulator-5554, appium:viewportRect: {height: 1842, left: 0, top: 135, width: 1080}, appium:warnings: {}, appium:webStorageEnabled: false, platformName: android}
Session ID: 9639c1ba-a5d5-4f05-97dd-541020ddeb8d">
      <![CDATA[org.openqa.selenium.TimeoutException: Expected condition failed: waiting for visibility of element located by By.AccessibilityId: Skip (tried for 10 second(s) with 500 milliseconds interval)
Build info: version: '4.1.1', revision: 'e8fcc2cecf'
System info: host: 'SCI-BD-L17-3291', ip: '192.168.31.159', os.name: 'Windows 10', os.arch: 'amd64', os.version: '10.0', java.version: '16.0.1'
Driver info: io.appium.java_client.android.AndroidDriver
Capabilities {appium:app: C:\Users\sabinul.sabbir\ecl..., appium:appPackage: com.sci.egyptlvegra, appium:automationName: UiAutomator2, appium:databaseEnabled: false, appium:desired: {app: C:\Users\sabinul.sabbir\ecl..., automationName: UiAutomator2, deviceName: Sabbir, platformName: android, platformVersion: 9, udid: emulator-5554}, appium:deviceApiLevel: 28, appium:deviceManufacturer: Google, appium:deviceModel: AOSP on IA Emulator, appium:deviceName: emulator-5554, appium:deviceScreenDensity: 440, appium:deviceScreenSize: 1080x2280, appium:deviceUDID: emulator-5554, appium:javascriptEnabled: true, appium:locationContextEnabled: false, appium:networkConnectionEnabled: true, appium:pixelRatio: 2.75, appium:platformVersion: 9, appium:statBarHeight: 135, appium:takesScreenshot: true, appium:udid: emulator-5554, appium:viewportRect: {height: 1842, left: 0, top: 135, width: 1080}, appium:warnings: {}, appium:webStorageEnabled: false, platformName: android}
Session ID: 9639c1ba-a5d5-4f05-97dd-541020ddeb8d
at org.openqa.selenium.support.ui.WebDriverWait.timeoutException(WebDriverWait.java:138)
at org.openqa.selenium.support.ui.FluentWait.until(FluentWait.java:231)
at appiumtests.Functionalities.invalidLogin(Functionalities.java:50)
at appiumtests.BaseClass.test2(BaseClass.java:44)
at java.base/java.util.concurrent.ThreadPoolExecutor.runWorker(ThreadPoolExecutor.java:1130)
at java.base/java.util.concurrent.ThreadPoolExecutor$Worker.run(ThreadPoolExecutor.java:630)
at java.base/java.lang.Thread.run(Thread.java:831)
... Removed 12 stack frames]]>
    </failure>
  </testcase> <!-- test2 -->
  <testcase classname="appiumtests.BaseClass" name="test3" time="10.037">
    <failure type="org.openqa.selenium.TimeoutException" message="Expected condition failed: waiting for visibility of element located by By.AccessibilityId: Skip (tried for 10 second(s) with 500 milliseconds interval)
Build info: version: &amp;apos;4.1.1&amp;apos;, revision: &amp;apos;e8fcc2cecf&amp;apos;
System info: host: &amp;apos;SCI-BD-L17-3291&amp;apos;, ip: &amp;apos;192.168.31.159&amp;apos;, os.name: &amp;apos;Windows 10&amp;apos;, os.arch: &amp;apos;amd64&amp;apos;, os.version: &amp;apos;10.0&amp;apos;, java.version: &amp;apos;16.0.1&amp;apos;
Driver info: io.appium.java_client.android.AndroidDriver
Capabilities {appium:app: C:\Users\sabinul.sabbir\ecl..., appium:appPackage: com.sci.egyptlvegra, appium:automationName: UiAutomator2, appium:databaseEnabled: false, appium:desired: {app: C:\Users\sabinul.sabbir\ecl..., automationName: UiAutomator2, deviceName: Sabbir, platformName: android, platformVersion: 9, udid: emulator-5554}, appium:deviceApiLevel: 28, appium:deviceManufacturer: Google, appium:deviceModel: AOSP on IA Emulator, appium:deviceName: emulator-5554, appium:deviceScreenDensity: 440, appium:deviceScreenSize: 1080x2280, appium:deviceUDID: emulator-5554, appium:javascriptEnabled: true, appium:locationContextEnabled: false, appium:networkConnectionEnabled: true, appium:pixelRatio: 2.75, appium:platformVersion: 9, appium:statBarHeight: 135, appium:takesScreenshot: true, appium:udid: emulator-5554, appium:viewportRect: {height: 1842, left: 0, top: 135, width: 1080}, appium:warnings: {}, appium:webStorageEnabled: false, platformName: android}
Session ID: 9639c1ba-a5d5-4f05-97dd-541020ddeb8d">
      <![CDATA[org.openqa.selenium.TimeoutException: Expected condition failed: waiting for visibility of element located by By.AccessibilityId: Skip (tried for 10 second(s) with 500 milliseconds interval)
Build info: version: '4.1.1', revision: 'e8fcc2cecf'
System info: host: 'SCI-BD-L17-3291', ip: '192.168.31.159', os.name: 'Windows 10', os.arch: 'amd64', os.version: '10.0', java.version: '16.0.1'
Driver info: io.appium.java_client.android.AndroidDriver
Capabilities {appium:app: C:\Users\sabinul.sabbir\ecl..., appium:appPackage: com.sci.egyptlvegra, appium:automationName: UiAutomator2, appium:databaseEnabled: false, appium:desired: {app: C:\Users\sabinul.sabbir\ecl..., automationName: UiAutomator2, deviceName: Sabbir, platformName: android, platformVersion: 9, udid: emulator-5554}, appium:deviceApiLevel: 28, appium:deviceManufacturer: Google, appium:deviceModel: AOSP on IA Emulator, appium:deviceName: emulator-5554, appium:deviceScreenDensity: 440, appium:deviceScreenSize: 1080x2280, appium:deviceUDID: emulator-5554, appium:javascriptEnabled: true, appium:locationContextEnabled: false, appium:networkConnectionEnabled: true, appium:pixelRatio: 2.75, appium:platformVersion: 9, appium:statBarHeight: 135, appium:takesScreenshot: true, appium:udid: emulator-5554, appium:viewportRect: {height: 1842, left: 0, top: 135, width: 1080}, appium:warnings: {}, appium:webStorageEnabled: false, platformName: android}
Session ID: 9639c1ba-a5d5-4f05-97dd-541020ddeb8d
at org.openqa.selenium.support.ui.WebDriverWait.timeoutException(WebDriverWait.java:138)
at org.openqa.selenium.support.ui.FluentWait.until(FluentWait.java:231)
at appiumtests.Functionalities.emptyLoginFields(Functionalities.java:84)
at appiumtests.BaseClass.test3(BaseClass.java:50)
at java.base/java.util.concurrent.ThreadPoolExecutor.runWorker(ThreadPoolExecutor.java:1130)
at java.base/java.util.concurrent.ThreadPoolExecutor$Worker.run(ThreadPoolExecutor.java:630)
at java.base/java.lang.Thread.run(Thread.java:831)
... Removed 12 stack frames]]>
    </failure>
  </testcase> <!-- test3 -->
</testsuite> <!-- Login -->
