<?xml version="1.0" encoding="UTF-8"?>
<testng-results ignored="3" total="4" passed="1" failed="0" skipped="0">
  <reporter-output>
  </reporter-output>
  <suite started-at="2022-04-18T15:05:50 BDT" name="Default suite" finished-at="2022-04-18T15:08:53 BDT" duration-ms="182822">
    <groups>
    </groups>
    <test started-at="2022-04-18T15:05:50 BDT" name="Default test" finished-at="2022-04-18T15:08:53 BDT" duration-ms="182822">
      <class name="appiumtests.BaseClass">
        <test-method is-config="true" signature="setup()[pri:0, instance:appiumtests.BaseClass@158da8e]" started-at="2022-04-18T15:05:50 BDT" name="setup" finished-at="2022-04-18T15:06:10 BDT" duration-ms="19052" status="PASS">
          <reporter-output>
          </reporter-output>
        </test-method> <!-- setup -->
        <test-method signature="addNewAssessors()[pri:0, instance:appiumtests.BaseClass@158da8e]" started-at="2022-04-18T15:06:10 BDT" name="addNewAssessors" finished-at="2022-04-18T15:08:52 BDT" duration-ms="162065" status="PASS">
          <reporter-output>
          </reporter-output>
        </test-method> <!-- addNewAssessors -->
        <test-method is-config="true" signature="afterTest()[pri:0, instance:appiumtests.BaseClass@158da8e]" started-at="2022-04-18T15:08:52 BDT" name="afterTest" finished-at="2022-04-18T15:08:53 BDT" duration-ms="1592" status="PASS">
          <reporter-output>
          </reporter-output>
        </test-method> <!-- afterTest -->
      </class> <!-- appiumtests.BaseClass -->
    </test> <!-- Default test -->
  </suite> <!-- Default suite -->
</testng-results>
